<?xml version="1.0" encoding="UTF-8"?>
<coverage generated="1587305389660" clover="3.2.0">
  <project timestamp="1587305389660" name="All files">
    <metrics statements="41" coveredstatements="36" conditionals="4" coveredconditionals="4" methods="15"
             coveredmethods="10" elements="60" coveredelements="50" complexity="0" loc="41" ncloc="41" packages="6"
             files="10" classes="10"/>
    <package name="components">
      <metrics statements="1" coveredstatements="1" conditionals="0" coveredconditionals="0" methods="1"
               coveredmethods="1"/>
      <file name="StyledText.tsx" path="/home/bibazavr/GoldenAnchors/components/StyledText.tsx">
        <metrics statements="1" coveredstatements="1" conditionals="0" coveredconditionals="0" methods="1"
                 coveredmethods="1"/>
        <line num="10" count="1" type="stmt"/>
      </file>
    </package>
    <package name="screens.homeScreen.diceScreen">
      <metrics statements="4" coveredstatements="4" conditionals="0" coveredconditionals="0" methods="1"
               coveredmethods="1"/>
      <file name="DiceScreen.tsx" path="/home/bibazavr/GoldenAnchors/screens/homeScreen/diceScreen/DiceScreen.tsx">
        <metrics statements="2" coveredstatements="2" conditionals="0" coveredconditionals="0" methods="1"
                 coveredmethods="1"/>
        <line num="6" count="1" type="stmt"/>
        <line num="7" count="1" type="stmt"/>
      </file>
      <file name="stylesDiceScreen.ts"
            path="/home/bibazavr/GoldenAnchors/screens/homeScreen/diceScreen/stylesDiceScreen.ts">
        <metrics statements="2" coveredstatements="2" conditionals="0" coveredconditionals="0" methods="0"
                 coveredmethods="0"/>
        <line num="1" count="1" type="stmt"/>
        <line num="4" count="1" type="stmt"/>
      </file>
    </package>
    <package name="screens.homeScreen.inventoryScreen">
      <metrics statements="4" coveredstatements="4" conditionals="0" coveredconditionals="0" methods="1"
               coveredmethods="1"/>
      <file name="InventoryScreen.tsx"
            path="/home/bibazavr/GoldenAnchors/screens/homeScreen/inventoryScreen/InventoryScreen.tsx">
        <metrics statements="2" coveredstatements="2" conditionals="0" coveredconditionals="0" methods="1"
                 coveredmethods="1"/>
        <line num="7" count="1" type="stmt"/>
        <line num="8" count="1" type="stmt"/>
      </file>
      <file name="stylesInventoryScreen.ts"
            path="/home/bibazavr/GoldenAnchors/screens/homeScreen/inventoryScreen/stylesInventoryScreen.ts">
        <metrics statements="2" coveredstatements="2" conditionals="0" coveredconditionals="0" methods="0"
                 coveredmethods="0"/>
        <line num="1" count="1" type="stmt"/>
        <line num="4" count="1" type="stmt"/>
      </file>
    </package>
    <package name="screens.homeScreen.toDoScreen">
      <metrics statements="10" coveredstatements="5" conditionals="0" coveredconditionals="0" methods="6"
               coveredmethods="1"/>
      <file name="TodoScreen.tsx" path="/home/bibazavr/GoldenAnchors/screens/homeScreen/toDoScreen/TodoScreen.tsx">
        <metrics statements="10" coveredstatements="5" conditionals="0" coveredconditionals="0" methods="6"
                 coveredmethods="1"/>
        <line num="15" count="1" type="stmt"/>
        <line num="16" count="1" type="stmt"/>
        <line num="17" count="1" type="stmt"/>
        <line num="19" count="1" type="stmt"/>
        <line num="21" count="0" type="stmt"/>
        <line num="26" count="0" type="stmt"/>
        <line num="28" count="0" type="stmt"/>
        <line num="30" count="0" type="stmt"/>
        <line num="31" count="0" type="stmt"/>
        <line num="35" count="1" type="stmt"/>
      </file>
    </package>
    <package name="screens.homeScreen.toDoScreen.components">
      <metrics statements="3" coveredstatements="3" conditionals="0" coveredconditionals="0" methods="1"
               coveredmethods="1"/>
      <file name="TodoItem.tsx"
            path="/home/bibazavr/GoldenAnchors/screens/homeScreen/toDoScreen/components/TodoItem.tsx">
        <metrics statements="3" coveredstatements="3" conditionals="0" coveredconditionals="0" methods="1"
                 coveredmethods="1"/>
        <line num="13" count="2" type="stmt"/>
        <line num="14" count="1" type="stmt"/>
        <line num="22" count="2" type="stmt"/>
      </file>
    </package>
    <package name="screens.homeScreen.toDoScreen.utils">
      <metrics statements="19" coveredstatements="19" conditionals="4" coveredconditionals="4" methods="5"
               coveredmethods="5"/>
      <file name="addTodoItem.tsx"
            path="/home/bibazavr/GoldenAnchors/screens/homeScreen/toDoScreen/utils/addTodoItem.tsx">
        <metrics statements="4" coveredstatements="4" conditionals="0" coveredconditionals="0" methods="1"
                 coveredmethods="1"/>
        <line num="3" count="2" type="stmt"/>
        <line num="4" count="1" type="stmt"/>
        <line num="5" count="1" type="stmt"/>
        <line num="6" count="1" type="stmt"/>
      </file>
      <file name="onChangeTodoItemChecked.tsx"
            path="/home/bibazavr/GoldenAnchors/screens/homeScreen/toDoScreen/utils/onChangeTodoItemChecked.tsx">
        <metrics statements="9" coveredstatements="9" conditionals="2" coveredconditionals="2" methods="2"
                 coveredmethods="2"/>
        <line num="3" count="2" type="stmt"/>
        <line num="4" count="1" type="stmt"/>
        <line num="6" count="1" type="stmt"/>
        <line num="7" count="2" type="cond" truecount="2" falsecount="0"/>
        <line num="8" count="1" type="stmt"/>
        <line num="9" count="1" type="stmt"/>
        <line num="10" count="1" type="stmt"/>
        <line num="12" count="1" type="stmt"/>
        <line num="15" count="1" type="stmt"/>
      </file>
      <file name="onDeleteTodoItem.ts"
            path="/home/bibazavr/GoldenAnchors/screens/homeScreen/toDoScreen/utils/onDeleteTodoItem.ts">
        <metrics statements="6" coveredstatements="6" conditionals="2" coveredconditionals="2" methods="2"
                 coveredmethods="2"/>
        <line num="3" count="2" type="stmt"/>
        <line num="4" count="1" type="stmt"/>
        <line num="6" count="1" type="stmt"/>
        <line num="7" count="2" type="cond" truecount="2" falsecount="0"/>
        <line num="8" count="1" type="stmt"/>
        <line num="11" count="1" type="stmt"/>
      </file>
    </package>
  </project>
</coverage>
