{
  "/home/bibazavr/GoldenAnchors/components/StyledText.tsx": {
    "path": "/home/bibazavr/GoldenAnchors/components/StyledText.tsx",
    "statementMap": {
      "0": {
        "start": {
          "line": 10,
          "column": 4
        },
        "end": {
          "line": 10,
          "column": 80
        }
      }
    },
    "fnMap": {
      "0": {
        "name": "MonoText",
        "decl": {
          "start": {
            "line": 9,
            "column": 16
          },
          "end": {
            "line": 9,
            "column": 24
          }
        },
        "loc": {
          "start": {
            "line": 9,
            "column": 47
          },
          "end": {
            "line": 11,
            "column": 1
          }
        },
        "line": 9
      }
    },
    "branchMap": {},
    "s": {
      "0": 1
    },
    "f": {
      "0": 1
    },
    "b": {},
    "_coverageSchema": "1a1c01bbd47fc00a2c39e90264f33305004495a9",
    "hash": "2399419ba9e877dfd0ecb2fef8985b34e83fb7a0"
  },
  "/home/bibazavr/GoldenAnchors/screens/homeScreen/diceScreen/DiceScreen.tsx": {
    "path": "/home/bibazavr/GoldenAnchors/screens/homeScreen/diceScreen/DiceScreen.tsx",
    "statementMap": {
      "0": {
        "start": {
          "line": 6,
          "column": 26
        },
        "end": {
          "line": 12,
          "column": 1
        }
      },
      "1": {
        "start": {
          "line": 7,
          "column": 4
        },
        "end": {
          "line": 11,
          "column": 5
        }
      }
    },
    "fnMap": {
      "0": {
        "name": "(anonymous_0)",
        "decl": {
          "start": {
            "line": 6,
            "column": 26
          },
          "end": {
            "line": 6,
            "column": 27
          }
        },
        "loc": {
          "start": {
            "line": 6,
            "column": 32
          },
          "end": {
            "line": 12,
            "column": 1
          }
        },
        "line": 6
      }
    },
    "branchMap": {},
    "s": {
      "0": 1,
      "1": 1
    },
    "f": {
      "0": 1
    },
    "b": {},
    "_coverageSchema": "1a1c01bbd47fc00a2c39e90264f33305004495a9",
    "hash": "57a05188075b43ab9081a4024c0f3ce015695e23"
  },
  "/home/bibazavr/GoldenAnchors/screens/homeScreen/diceScreen/stylesDiceScreen.ts": {
    "path": "/home/bibazavr/GoldenAnchors/screens/homeScreen/diceScreen/stylesDiceScreen.ts",
    "statementMap": {
      "0": {
        "start": {
          "line": 1,
          "column": 0
        },
        "end": {
          "line": 1,
          "column": 40
        }
      },
      "1": {
        "start": {
          "line": 4,
          "column": 13
        },
        "end": {
          "line": 9,
          "column": 3
        }
      }
    },
    "fnMap": {},
    "branchMap": {},
    "s": {
      "0": 1,
      "1": 1
    },
    "f": {},
    "b": {}
  },
  "/home/bibazavr/GoldenAnchors/screens/homeScreen/inventoryScreen/InventoryScreen.tsx": {
    "path": "/home/bibazavr/GoldenAnchors/screens/homeScreen/inventoryScreen/InventoryScreen.tsx",
    "statementMap": {
      "0": {
        "start": {
          "line": 7,
          "column": 31
        },
        "end": {
          "line": 13,
          "column": 1
        }
      },
      "1": {
        "start": {
          "line": 8,
          "column": 4
        },
        "end": {
          "line": 12,
          "column": 5
        }
      }
    },
    "fnMap": {
      "0": {
        "name": "(anonymous_0)",
        "decl": {
          "start": {
            "line": 7,
            "column": 31
          },
          "end": {
            "line": 7,
            "column": 32
          }
        },
        "loc": {
          "start": {
            "line": 7,
            "column": 37
          },
          "end": {
            "line": 13,
            "column": 1
          }
        },
        "line": 7
      }
    },
    "branchMap": {},
    "s": {
      "0": 1,
      "1": 1
    },
    "f": {
      "0": 1
    },
    "b": {},
    "_coverageSchema": "1a1c01bbd47fc00a2c39e90264f33305004495a9",
    "hash": "5086a272ee5f7fec2b8827e37062e190c5657482"
  },
  "/home/bibazavr/GoldenAnchors/screens/homeScreen/inventoryScreen/stylesInventoryScreen.ts": {
    "path": "/home/bibazavr/GoldenAnchors/screens/homeScreen/inventoryScreen/stylesInventoryScreen.ts",
    "statementMap": {
      "0": {
        "start": {
          "line": 1,
          "column": 0
        },
        "end": {
          "line": 1,
          "column": 40
        }
      },
      "1": {
        "start": {
          "line": 4,
          "column": 13
        },
        "end": {
          "line": 9,
          "column": 3
        }
      }
    },
    "fnMap": {},
    "branchMap": {},
    "s": {
      "0": 1,
      "1": 1
    },
    "f": {},
    "b": {}
  },
  "/home/bibazavr/GoldenAnchors/screens/homeScreen/toDoScreen/TodoScreen.tsx": {
    "path": "/home/bibazavr/GoldenAnchors/screens/homeScreen/toDoScreen/TodoScreen.tsx",
    "statementMap": {
      "0": {
        "start": {
          "line": 15,
          "column": 26
        },
        "end": {
          "line": 33,
          "column": 1
        }
      },
      "1": {
        "start": {
          "line": 16,
          "column": 28
        },
        "end": {
          "line": 16,
          "column": 71
        }
      },
      "2": {
        "start": {
          "line": 17,
          "column": 36
        },
        "end": {
          "line": 17,
          "column": 62
        }
      },
      "3": {
        "start": {
          "line": 19,
          "column": 4
        },
        "end": {
          "line": 32,
          "column": 11
        }
      },
      "4": {
        "start": {
          "line": 21,
          "column": 48
        },
        "end": {
          "line": 21,
          "column": 70
        }
      },
      "5": {
        "start": {
          "line": 26,
          "column": 31
        },
        "end": {
          "line": 26,
          "column": 67
        }
      },
      "6": {
        "start": {
          "line": 28,
          "column": 54
        },
        "end": {
          "line": 31,
          "column": 136
        }
      },
      "7": {
        "start": {
          "line": 30,
          "column": 88
        },
        "end": {
          "line": 30,
          "column": 129
        }
      },
      "8": {
        "start": {
          "line": 31,
          "column": 85
        },
        "end": {
          "line": 31,
          "column": 133
        }
      },
      "9": {
        "start": {
          "line": 35,
          "column": 25
        },
        "end": {
          "line": 48,
          "column": 2
        }
      }
    },
    "fnMap": {
      "0": {
        "name": "(anonymous_0)",
        "decl": {
          "start": {
            "line": 15,
            "column": 26
          },
          "end": {
            "line": 15,
            "column": 27
          }
        },
        "loc": {
          "start": {
            "line": 15,
            "column": 32
          },
          "end": {
            "line": 33,
            "column": 1
          }
        },
        "line": 15
      },
      "1": {
        "name": "(anonymous_1)",
        "decl": {
          "start": {
            "line": 21,
            "column": 33
          },
          "end": {
            "line": 21,
            "column": 34
          }
        },
        "loc": {
          "start": {
            "line": 21,
            "column": 48
          },
          "end": {
            "line": 21,
            "column": 70
          }
        },
        "line": 21
      },
      "2": {
        "name": "(anonymous_2)",
        "decl": {
          "start": {
            "line": 26,
            "column": 25
          },
          "end": {
            "line": 26,
            "column": 26
          }
        },
        "loc": {
          "start": {
            "line": 26,
            "column": 31
          },
          "end": {
            "line": 26,
            "column": 67
          }
        },
        "line": 26
      },
      "3": {
        "name": "(anonymous_3)",
        "decl": {
          "start": {
            "line": 28,
            "column": 42
          },
          "end": {
            "line": 28,
            "column": 43
          }
        },
        "loc": {
          "start": {
            "line": 28,
            "column": 54
          },
          "end": {
            "line": 31,
            "column": 136
          }
        },
        "line": 28
      },
      "4": {
        "name": "(anonymous_4)",
        "decl": {
          "start": {
            "line": 30,
            "column": 82
          },
          "end": {
            "line": 30,
            "column": 83
          }
        },
        "loc": {
          "start": {
            "line": 30,
            "column": 88
          },
          "end": {
            "line": 30,
            "column": 129
          }
        },
        "line": 30
      },
      "5": {
        "name": "(anonymous_5)",
        "decl": {
          "start": {
            "line": 31,
            "column": 79
          },
          "end": {
            "line": 31,
            "column": 80
          }
        },
        "loc": {
          "start": {
            "line": 31,
            "column": 85
          },
          "end": {
            "line": 31,
            "column": 133
          }
        },
        "line": 31
      }
    },
    "branchMap": {},
    "s": {
      "0": 1,
      "1": 1,
      "2": 1,
      "3": 1,
      "4": 0,
      "5": 0,
      "6": 0,
      "7": 0,
      "8": 0,
      "9": 1
    },
    "f": {
      "0": 1,
      "1": 0,
      "2": 0,
      "3": 0,
      "4": 0,
      "5": 0
    },
    "b": {},
    "_coverageSchema": "1a1c01bbd47fc00a2c39e90264f33305004495a9",
    "hash": "d1ab143e7b129dcd3d1aca13fa89d228a5216a80"
  },
  "/home/bibazavr/GoldenAnchors/screens/homeScreen/toDoScreen/components/TodoItem.tsx": {
    "path": "/home/bibazavr/GoldenAnchors/screens/homeScreen/toDoScreen/components/TodoItem.tsx",
    "statementMap": {
      "0": {
        "start": {
          "line": 13,
          "column": 24
        },
        "end": {
          "line": 20,
          "column": 1
        }
      },
      "1": {
        "start": {
          "line": 14,
          "column": 4
        },
        "end": {
          "line": 19,
          "column": 11
        }
      },
      "2": {
        "start": {
          "line": 22,
          "column": 23
        },
        "end": {
          "line": 40,
          "column": 2
        }
      }
    },
    "fnMap": {
      "0": {
        "name": "(anonymous_0)",
        "decl": {
          "start": {
            "line": 13,
            "column": 24
          },
          "end": {
            "line": 13,
            "column": 25
          }
        },
        "loc": {
          "start": {
            "line": 13,
            "column": 50
          },
          "end": {
            "line": 20,
            "column": 1
          }
        },
        "line": 13
      }
    },
    "branchMap": {},
    "s": {
      "0": 2,
      "1": 1,
      "2": 2
    },
    "f": {
      "0": 1
    },
    "b": {},
    "_coverageSchema": "1a1c01bbd47fc00a2c39e90264f33305004495a9",
    "hash": "72d32dfc5bc4db132ab850bf9e68104c1f3c0ba0"
  },
  "/home/bibazavr/GoldenAnchors/screens/homeScreen/toDoScreen/utils/addTodoItem.tsx": {
    "path": "/home/bibazavr/GoldenAnchors/screens/homeScreen/toDoScreen/utils/addTodoItem.tsx",
    "statementMap": {
      "0": {
        "start": {
          "line": 3,
          "column": 27
        },
        "end": {
          "line": 7,
          "column": 1
        }
      },
      "1": {
        "start": {
          "line": 4,
          "column": 19
        },
        "end": {
          "line": 4,
          "column": 31
        }
      },
      "2": {
        "start": {
          "line": 5,
          "column": 4
        },
        "end": {
          "line": 5,
          "column": 77
        }
      },
      "3": {
        "start": {
          "line": 6,
          "column": 4
        },
        "end": {
          "line": 6,
          "column": 19
        }
      }
    },
    "fnMap": {
      "0": {
        "name": "(anonymous_0)",
        "decl": {
          "start": {
            "line": 3,
            "column": 27
          },
          "end": {
            "line": 3,
            "column": 28
          }
        },
        "loc": {
          "start": {
            "line": 3,
            "column": 76
          },
          "end": {
            "line": 7,
            "column": 1
          }
        },
        "line": 3
      }
    },
    "branchMap": {},
    "s": {
      "0": 2,
      "1": 1,
      "2": 1,
      "3": 1
    },
    "f": {
      "0": 1
    },
    "b": {},
    "_coverageSchema": "1a1c01bbd47fc00a2c39e90264f33305004495a9",
    "hash": "da407cfea922ff7c43f391bb90318f206fd22353"
  },
  "/home/bibazavr/GoldenAnchors/screens/homeScreen/toDoScreen/utils/onChangeTodoItemChecked.tsx": {
    "path": "/home/bibazavr/GoldenAnchors/screens/homeScreen/toDoScreen/utils/onChangeTodoItemChecked.tsx",
    "statementMap": {
      "0": {
        "start": {
          "line": 3,
          "column": 39
        },
        "end": {
          "line": 16,
          "column": 1
        }
      },
      "1": {
        "start": {
          "line": 4,
          "column": 43
        },
        "end": {
          "line": 4,
          "column": 45
        }
      },
      "2": {
        "start": {
          "line": 6,
          "column": 4
        },
        "end": {
          "line": 14,
          "column": 6
        }
      },
      "3": {
        "start": {
          "line": 7,
          "column": 8
        },
        "end": {
          "line": 13,
          "column": 9
        }
      },
      "4": {
        "start": {
          "line": 8,
          "column": 27
        },
        "end": {
          "line": 8,
          "column": 32
        }
      },
      "5": {
        "start": {
          "line": 9,
          "column": 12
        },
        "end": {
          "line": 9,
          "column": 46
        }
      },
      "6": {
        "start": {
          "line": 10,
          "column": 12
        },
        "end": {
          "line": 10,
          "column": 35
        }
      },
      "7": {
        "start": {
          "line": 12,
          "column": 12
        },
        "end": {
          "line": 12,
          "column": 31
        }
      },
      "8": {
        "start": {
          "line": 15,
          "column": 4
        },
        "end": {
          "line": 15,
          "column": 18
        }
      }
    },
    "fnMap": {
      "0": {
        "name": "(anonymous_0)",
        "decl": {
          "start": {
            "line": 3,
            "column": 39
          },
          "end": {
            "line": 3,
            "column": 40
          }
        },
        "loc": {
          "start": {
            "line": 3,
            "column": 112
          },
          "end": {
            "line": 16,
            "column": 1
          }
        },
        "line": 3
      },
      "1": {
        "name": "(anonymous_1)",
        "decl": {
          "start": {
            "line": 6,
            "column": 13
          },
          "end": {
            "line": 6,
            "column": 14
          }
        },
        "loc": {
          "start": {
            "line": 6,
            "column": 24
          },
          "end": {
            "line": 14,
            "column": 5
          }
        },
        "line": 6
      }
    },
    "branchMap": {
      "0": {
        "loc": {
          "start": {
            "line": 7,
            "column": 8
          },
          "end": {
            "line": 13,
            "column": 9
          }
        },
        "type": "if",
        "locations": [
          {
            "start": {
              "line": 7,
              "column": 8
            },
            "end": {
              "line": 13,
              "column": 9
            }
          },
          {
            "start": {
              "line": 7,
              "column": 8
            },
            "end": {
              "line": 13,
              "column": 9
            }
          }
        ],
        "line": 7
      }
    },
    "s": {
      "0": 2,
      "1": 1,
      "2": 1,
      "3": 2,
      "4": 1,
      "5": 1,
      "6": 1,
      "7": 1,
      "8": 1
    },
    "f": {
      "0": 1,
      "1": 2
    },
    "b": {
      "0": [
        1,
        1
      ]
    },
    "_coverageSchema": "1a1c01bbd47fc00a2c39e90264f33305004495a9",
    "hash": "441f66cf9a5724f5a52000ead7391a22bc6157ea"
  },
  "/home/bibazavr/GoldenAnchors/screens/homeScreen/toDoScreen/utils/onDeleteTodoItem.ts": {
    "path": "/home/bibazavr/GoldenAnchors/screens/homeScreen/toDoScreen/utils/onDeleteTodoItem.ts",
    "statementMap": {
      "0": {
        "start": {
          "line": 3,
          "column": 13
        },
        "end": {
          "line": 12,
          "column": null
        }
      },
      "1": {
        "start": {
          "line": 4,
          "column": 44
        },
        "end": {
          "line": 4,
          "column": 46
        }
      },
      "2": {
        "start": {
          "line": 6,
          "column": 4
        },
        "end": {
          "line": 10,
          "column": 7
        }
      },
      "3": {
        "start": {
          "line": 7,
          "column": 8
        },
        "end": {
          "line": 9,
          "column": null
        }
      },
      "4": {
        "start": {
          "line": 8,
          "column": 12
        },
        "end": {
          "line": 8,
          "column": 33
        }
      },
      "5": {
        "start": {
          "line": 11,
          "column": 4
        },
        "end": {
          "line": 11,
          "column": 20
        }
      }
    },
    "fnMap": {
      "0": {
        "name": "(anonymous_0)",
        "decl": {
          "start": {
            "line": 3,
            "column": 32
          },
          "end": {
            "line": 3,
            "column": 33
          }
        },
        "loc": {
          "start": {
            "line": 3,
            "column": 79
          },
          "end": {
            "line": 12,
            "column": 1
          }
        }
      },
      "1": {
        "name": "(anonymous_1)",
        "decl": {
          "start": {
            "line": 6,
            "column": 13
          },
          "end": {
            "line": 6,
            "column": 14
          }
        },
        "loc": {
          "start": {
            "line": 6,
            "column": 23
          },
          "end": {
            "line": 10,
            "column": 5
          }
        }
      }
    },
    "branchMap": {
      "0": {
        "loc": {
          "start": {
            "line": 7,
            "column": 8
          },
          "end": {
            "line": 9,
            "column": null
          }
        },
        "type": "if",
        "locations": [
          {
            "start": {
              "line": 7,
              "column": 8
            },
            "end": {
              "line": 9,
              "column": null
            }
          },
          {
            "start": {
              "line": 7,
              "column": 8
            },
            "end": {
              "line": 9,
              "column": null
            }
          }
        ]
      }
    },
    "s": {
      "0": 2,
      "1": 1,
      "2": 1,
      "3": 2,
      "4": 1,
      "5": 1
    },
    "f": {
      "0": 1,
      "1": 2
    },
    "b": {
      "0": [
        1,
        1
      ]
    }
  }
}
