TN:
SF:components/StyledText.tsx
FN:9,MonoText
FNF:1
FNH:1
FNDA:1,MonoText
DA:10,1
LF:1
LH:1
BRF:0
BRH:0
end_of_record
TN:
SF:screens/homeScreen/diceScreen/DiceScreen.tsx
FN:6,(anonymous_0)
FNF:1
FNH:1
FNDA:1,(anonymous_0)
DA:6,1
DA:7,1
LF:2
LH:2
BRF:0
BRH:0
end_of_record
TN:
SF:screens/homeScreen/diceScreen/stylesDiceScreen.ts
FNF:0
FNH:0
DA:1,1
DA:4,1
LF:2
LH:2
BRF:0
BRH:0
end_of_record
TN:
SF:screens/homeScreen/inventoryScreen/InventoryScreen.tsx
FN:7,(anonymous_0)
FNF:1
FNH:1
FNDA:1,(anonymous_0)
DA:7,1
DA:8,1
LF:2
LH:2
BRF:0
BRH:0
end_of_record
TN:
SF:screens/homeScreen/inventoryScreen/stylesInventoryScreen.ts
FNF:0
FNH:0
DA:1,1
DA:4,1
LF:2
LH:2
BRF:0
BRH:0
end_of_record
TN:
SF:screens/homeScreen/toDoScreen/TodoScreen.tsx
FN:15,(anonymous_0)
FN:21,(anonymous_1)
FN:26,(anonymous_2)
FN:28,(anonymous_3)
FN:30,(anonymous_4)
FN:31,(anonymous_5)
FNF:6
FNH:1
FNDA:1,(anonymous_0)
FNDA:0,(anonymous_1)
FNDA:0,(anonymous_2)
FNDA:0,(anonymous_3)
FNDA:0,(anonymous_4)
FNDA:0,(anonymous_5)
DA:15,1
DA:16,1
DA:17,1
DA:19,1
DA:21,0
DA:26,0
DA:28,0
DA:30,0
DA:31,0
DA:35,1
LF:10
LH:5
BRF:0
BRH:0
end_of_record
TN:
SF:screens/homeScreen/toDoScreen/components/TodoItem.tsx
FN:13,(anonymous_0)
FNF:1
FNH:1
FNDA:1,(anonymous_0)
DA:13,2
DA:14,1
DA:22,2
LF:3
LH:3
BRF:0
BRH:0
end_of_record
TN:
SF:screens/homeScreen/toDoScreen/utils/addTodoItem.tsx
FN:3,(anonymous_0)
FNF:1
FNH:1
FNDA:1,(anonymous_0)
DA:3,2
DA:4,1
DA:5,1
DA:6,1
LF:4
LH:4
BRF:0
BRH:0
end_of_record
TN:
SF:screens/homeScreen/toDoScreen/utils/onChangeTodoItemChecked.tsx
FN:3,(anonymous_0)
FN:6,(anonymous_1)
FNF:2
FNH:2
FNDA:1,(anonymous_0)
FNDA:2,(anonymous_1)
DA:3,2
DA:4,1
DA:6,1
DA:7,2
DA:8,1
DA:9,1
DA:10,1
DA:12,1
DA:15,1
LF:9
LH:9
BRDA:7,0,0,1
BRDA:7,0,1,1
BRF:2
BRH:2
end_of_record
TN:
SF:screens/homeScreen/toDoScreen/utils/onDeleteTodoItem.ts
FN:3,(anonymous_0)
FN:6,(anonymous_1)
FNF:2
FNH:2
FNDA:1,(anonymous_0)
FNDA:2,(anonymous_1)
DA:3,2
DA:4,1
DA:6,1
DA:7,2
DA:8,1
DA:11,1
LF:6
LH:6
BRDA:7,0,0,1
BRDA:7,0,1,1
BRF:2
BRH:2
end_of_record
